<?xml version="1.0" encoding="UTF-8"?>
<!-- Generated by org.testng.reporters.JUnitReportReporter -->
<testsuite hostname="DESKTOP-N4MMTAG" failures="0" tests="1" name="testCases.TestLogin" time="2.504" errors="0" timestamp="2023-06-23T17:51:47 IST" skipped="0">
  <testcase classname="testCases.TestLogin" name="loginToApplication" time="2.504"/>
  <system-out/>
</testsuite> <!-- testCases.TestLogin -->
